SF:/Users/boris/Desktop/WP/MJUKVARUTESTNING/SticksGame/SticksGame/AIPlayer.cs
FN:7,System.Void SticksGame.AIPlayer::Play(SticksGame.Sticks)
FNDA:5,System.Void SticksGame.AIPlayer::Play(SticksGame.Sticks)
DA:8,5
DA:9,5
DA:10,8
DA:11,7
DA:12,5
DA:13,5
BRDA:10,14,0,1
BRDA:10,14,1,4
BRDA:11,29,0,3
BRDA:11,29,1,1
BRDA:11,45,0,1
BRDA:11,45,1,5
LF:6
LH:6
BRF:6
BRH:6
FNF:1
FNH:1
end_of_record
SF:/Users/boris/Desktop/WP/MJUKVARUTESTNING/SticksGame/SticksGame/ConsoleWrapper.cs
FN:7,System.Void SticksGame.ConsoleWrapper::WriteLine(System.String)
FNDA:1,System.Void SticksGame.ConsoleWrapper::WriteLine(System.String)
DA:8,1
DA:9,1
DA:10,1
FN:12,System.String SticksGame.ConsoleWrapper::ReadLine()
FNDA:1,System.String SticksGame.ConsoleWrapper::ReadLine()
DA:13,1
DA:14,1
DA:15,1
LF:6
LH:6
BRF:0
BRH:0
FNF:2
FNH:2
end_of_record
SF:/Users/boris/Desktop/WP/MJUKVARUTESTNING/SticksGame/SticksGame/Game.cs
FN:18,System.Void SticksGame.Game::Play()
FNDA:6,System.Void SticksGame.Game::Play()
DA:19,6
DA:20,6
DA:22,7
DA:23,7
DA:24,7
DA:26,7
DA:28,7
DA:29,5
DA:30,5
DA:31,5
DA:34,2
DA:36,2
DA:38,2
DA:39,1
DA:40,1
DA:41,1
DA:43,1
DA:44,6
BRDA:28,79,0,5
BRDA:28,79,1,2
BRDA:38,156,0,1
BRDA:38,156,1,1
FN:10,System.Void SticksGame.Game::.ctor(SticksGame.View,SticksGame.Sticks,SticksGame.AIPlayer)
FNDA:6,System.Void SticksGame.Game::.ctor(SticksGame.View,SticksGame.Sticks,SticksGame.AIPlayer)
DA:11,6
DA:12,6
DA:13,6
DA:14,6
DA:15,6
DA:16,6
LF:24
LH:24
BRF:4
BRH:4
FNF:2
FNH:2
end_of_record
SF:/Users/boris/Desktop/WP/MJUKVARUTESTNING/SticksGame/SticksGame/Program.cs
FN:7,System.Void SticksGame.Program::Main(System.String[])
FNDA:0,System.Void SticksGame.Program::Main(System.String[])
DA:8,0
DA:9,0
DA:10,0
LF:3
LH:0
BRF:0
BRH:0
FNF:1
FNH:0
end_of_record
SF:/Users/boris/Desktop/WP/MJUKVARUTESTNING/SticksGame/SticksGame/Sticks.cs
FN:10,System.Int32 SticksGame.Sticks::get_Amount()
FNDA:6,System.Int32 SticksGame.Sticks::get_Amount()
DA:11,6
FN:14,System.Void SticksGame.Sticks::RemoveSticks(System.Int32)
FNDA:2,System.Void SticksGame.Sticks::RemoveSticks(System.Int32)
DA:15,2
DA:16,2
DA:17,1
DA:18,1
DA:20,1
DA:21,1
BRDA:16,3,0,1
BRDA:16,3,1,1
BRDA:16,14,0,1
BRDA:16,14,1,1
FN:6,System.Void SticksGame.Sticks::.ctor()
FNDA:13,System.Void SticksGame.Sticks::.ctor()
DA:7,13
LF:8
LH:8
BRF:4
BRH:4
FNF:3
FNH:3
end_of_record
SF:/Users/boris/Desktop/WP/MJUKVARUTESTNING/SticksGame/SticksGame/View.cs
FN:14,System.Void SticksGame.View::PresentInstructions()
FNDA:1,System.Void SticksGame.View::PresentInstructions()
DA:15,1
DA:16,1
DA:17,1
FN:19,System.Int32 SticksGame.View::GetInput()
FNDA:2,System.Int32 SticksGame.View::GetInput()
DA:20,2
DA:21,2
DA:22,2
DA:23,2
DA:25,9
DA:26,7
DA:27,7
DA:28,7
DA:29,7
DA:30,7
DA:32,2
DA:33,2
BRDA:23,24,0,1
BRDA:23,24,1,1
BRDA:25,94,1,7
BRDA:29,75,0,6
BRDA:29,75,1,1
BRDA:25,94,0,2
FN:35,System.Void SticksGame.View::PresentNumberOfSticksLeft(SticksGame.Sticks)
FNDA:1,System.Void SticksGame.View::PresentNumberOfSticksLeft(SticksGame.Sticks)
DA:36,1
DA:37,1
DA:38,1
FN:40,System.Void SticksGame.View::PresentWinner(System.String)
FNDA:1,System.Void SticksGame.View::PresentWinner(System.String)
DA:41,1
DA:42,1
DA:43,1
FN:8,System.Void SticksGame.View::.ctor(SticksGame.ConsoleWrapper)
FNDA:11,System.Void SticksGame.View::.ctor(SticksGame.ConsoleWrapper)
DA:9,11
DA:10,11
DA:11,11
DA:12,11
LF:25
LH:25
BRF:6
BRH:6
FNF:5
FNH:5
end_of_record